<?xml version="1.0" encoding="UTF-8"?>
<testng-results skipped="0" failed="0" total="3" passed="3">
  <reporter-output>
  </reporter-output>
  <suite name="Default suite" duration-ms="26685" started-at="2014-09-17T04:55:02Z" finished-at="2014-09-17T04:55:29Z">
    <groups>
    </groups>
    <test name="Default test" duration-ms="26685" started-at="2014-09-17T04:55:02Z" finished-at="2014-09-17T04:55:29Z">
      <class name="code.TesNGDataProvider">
        <test-method status="PASS" signature="setup()[pri:0, instance:code.TesNGDataProvider@635827]" name="setup" is-config="true" duration-ms="16956" started-at="2014-09-17T04:55:02Z" finished-at="2014-09-17T04:55:19Z">
          <reporter-output>
          </reporter-output>
        </test-method> <!-- setup -->
        <test-method status="PASS" signature="UserLogin(java.lang.String, java.lang.String)[pri:0, instance:code.TesNGDataProvider@635827]" name="UserLogin" duration-ms="3175" started-at="2014-09-17T04:55:19Z" data-provider="UserCredentialList" finished-at="2014-09-17T04:55:22Z">
          <params>
            <param index="0">
              <value>
                <![CDATA[Monalisha]]>
              </value>
            </param>
            <param index="1">
              <value>
                <![CDATA[Dash]]>
              </value>
            </param>
          </params>
          <reporter-output>
          </reporter-output>
        </test-method> <!-- UserLogin -->
        <test-method status="PASS" signature="UserLogin(java.lang.String, java.lang.String)[pri:0, instance:code.TesNGDataProvider@635827]" name="UserLogin" duration-ms="3106" started-at="2014-09-17T04:55:22Z" data-provider="UserCredentialList" finished-at="2014-09-17T04:55:25Z">
          <params>
            <param index="0">
              <value>
                <![CDATA[Vandana]]>
              </value>
            </param>
            <param index="1">
              <value>
                <![CDATA[Gadhawe]]>
              </value>
            </param>
          </params>
          <reporter-output>
          </reporter-output>
        </test-method> <!-- UserLogin -->
        <test-method status="PASS" signature="UserLogin(java.lang.String, java.lang.String)[pri:0, instance:code.TesNGDataProvider@635827]" name="UserLogin" duration-ms="2226" started-at="2014-09-17T04:55:25Z" data-provider="UserCredentialList" finished-at="2014-09-17T04:55:27Z">
          <params>
            <param index="0">
              <value>
                <![CDATA[Himanshu]]>
              </value>
            </param>
            <param index="1">
              <value>
                <![CDATA[Katiyar]]>
              </value>
            </param>
          </params>
          <reporter-output>
          </reporter-output>
        </test-method> <!-- UserLogin -->
        <test-method status="PASS" signature="tearDown()[pri:0, instance:code.TesNGDataProvider@635827]" name="tearDown" is-config="true" duration-ms="1187" started-at="2014-09-17T04:55:27Z" finished-at="2014-09-17T04:55:29Z">
          <reporter-output>
          </reporter-output>
        </test-method> <!-- tearDown -->
      </class> <!-- code.TesNGDataProvider -->
    </test> <!-- Default test -->
  </suite> <!-- Default suite -->
</testng-results>
