<?xml version="1.0" encoding="UTF-8"?>
<!-- Generated by org.testng.reporters.JUnitXMLReporter -->
<testsuite hostname="JAVA" name="Default test" tests="3" failures="0" timestamp="17 Sep 2014 04:55:29 GMT" time="26.685" errors="0">
  <testcase name="UserLogin" time="3.175" classname="code.TesNGDataProvider"/>
  <testcase name="UserLogin" time="3.106" classname="code.TesNGDataProvider"/>
  <testcase name="UserLogin" time="2.226" classname="code.TesNGDataProvider"/>
</testsuite> <!-- Default test -->
